<?xml version="1.0" encoding="UTF-8"?>
<testsuite xmlns:xsi="http://www.w3.org/2001/XMLSchema-instance" xsi:noNamespaceSchemaLocation="https://maven.apache.org/surefire/maven-surefire-plugin/xsd/surefire-test-report.xsd" name="runner.TestRunner" time="7.288" tests="4" errors="4" skipped="0" failures="0">
  <properties>
[...]
</properties>
  <testcase name="Add and Remove a Mac book from Cart" classname="Laptop and NoteBooks" time="0.813">
    <error message="The step &apos;User click on Laptop &amp;NoteBook tab&apos; and 6 other step(s) are undefined.&#10;You can implement these steps using the snippet(s) below:&#10;&#10;@When(&quot;User click on Laptop &amp;NoteBook tab&quot;)&#10;public void user_click_on_laptop_note_book_tab() {&#10;    // Write code here that turns the phrase above into concrete actions&#10;    throw new io.cucumber.java.PendingException();&#10;}&#10;@When(&quot;User click on Show all Laptop &amp;NoteBook option&quot;)&#10;public void user_click_on_show_all_laptop_note_book_option() {&#10;    // Write code here that turns the phrase above into concrete actions&#10;    throw new io.cucumber.java.PendingException();&#10;}&#10;@When(&quot;User click on MacBook item&quot;)&#10;public void user_click_on_mac_book_item() {&#10;    // Write code here that turns the phrase above into concrete actions&#10;    throw new io.cucumber.java.PendingException();&#10;}&#10;@Then(&quot;User should see {string} showed to the cart&quot;)&#10;public void user_should_see_showed_to_the_cart(String string) {&#10;    // Write code here that turns the phrase above into concrete actions&#10;    throw new io.cucumber.java.PendingException();&#10;}&#10;@Then(&quot;User click on cart option&quot;)&#10;public void user_click_on_cart_option() {&#10;    // Write code here that turns the phrase above into concrete actions&#10;    throw new io.cucumber.java.PendingException();&#10;}&#10;@Then(&quot;user click on red X button to remove the item from cart&quot;)&#10;public void user_click_on_red_x_button_to_remove_the_item_from_cart() {&#10;    // Write code here that turns the phrase above into concrete actions&#10;    throw new io.cucumber.java.PendingException();&#10;}&#10;@Then(&quot;item should be removed and cart should show {int} items&quot;)&#10;public void item_should_be_removed_and_cart_should_show_items(Integer int1) {&#10;    // Write code here that turns the phrase above into concrete actions&#10;    throw new io.cucumber.java.PendingException();&#10;}&#10;" type="io.cucumber.junit.UndefinedStepException"><![CDATA[io.cucumber.junit.UndefinedStepException: 
The step 'User click on Laptop &NoteBook tab' and 6 other step(s) are undefined.
You can implement these steps using the snippet(s) below:

@When("User click on Laptop &NoteBook tab")
public void user_click_on_laptop_note_book_tab() {
    // Write code here that turns the phrase above into concrete actions
    throw new io.cucumber.java.PendingException();
}
@When("User click on Show all Laptop &NoteBook option")
public void user_click_on_show_all_laptop_note_book_option() {
    // Write code here that turns the phrase above into concrete actions
    throw new io.cucumber.java.PendingException();
}
@When("User click on MacBook item")
public void user_click_on_mac_book_item() {
    // Write code here that turns the phrase above into concrete actions
    throw new io.cucumber.java.PendingException();
}
@Then("User should see {string} showed to the cart")
public void user_should_see_showed_to_the_cart(String string) {
    // Write code here that turns the phrase above into concrete actions
    throw new io.cucumber.java.PendingException();
}
@Then("User click on cart option")
public void user_click_on_cart_option() {
    // Write code here that turns the phrase above into concrete actions
    throw new io.cucumber.java.PendingException();
}
@Then("user click on red X button to remove the item from cart")
public void user_click_on_red_x_button_to_remove_the_item_from_cart() {
    // Write code here that turns the phrase above into concrete actions
    throw new io.cucumber.java.PendingException();
}
@Then("item should be removed and cart should show {int} items")
public void item_should_be_removed_and_cart_should_show_items(Integer int1) {
    // Write code here that turns the phrase above into concrete actions
    throw new io.cucumber.java.PendingException();
}

]]></error>
    <system-out><![CDATA[
@laptopTest @macBookTest
Scenario: Add and Remove a Mac book from Cart                                             # features/laptopbdd.feature:9
  When User click on Laptop &NoteBook tab                                                 # null
  And User click on Show all Laptop &NoteBook option                                      # null
  And User click on MacBook item                                                          # null
  And User click add to Cart button                                                       # step.definitions.DesktopStepDefinition.user_click_add_to_cart_button()
  Then User should see a Message 'Success: You have added MacBook to your shopping cart!' # step.definitions.DesktopStepDefinition.user_should_see_a_message(java.lang.String)
  And User should see 'items-602.00' showed to the cart                                   # null
  And User click on cart option                                                           # null
  And user click on red X button to remove the item from cart                             # null
  Then item should be removed and cart should show 0 items                                # null
]]></system-out>
  </testcase>
  <testcase name="Product Comparison" classname="Laptop and NoteBooks" time="0.053">
    <error message="The step &apos;User click on Laptop &amp;NoteBook tab&apos; and 5 other step(s) are undefined.&#10;You can implement these steps using the snippet(s) below:&#10;&#10;@When(&quot;User click on Laptop &amp;NoteBook tab&quot;)&#10;public void user_click_on_laptop_note_book_tab() {&#10;    // Write code here that turns the phrase above into concrete actions&#10;    throw new io.cucumber.java.PendingException();&#10;}&#10;@When(&quot;User click on Show all Laptop &amp;NoteBook option&quot;)&#10;public void user_click_on_show_all_laptop_note_book_option() {&#10;    // Write code here that turns the phrase above into concrete actions&#10;    throw new io.cucumber.java.PendingException();&#10;}&#10;@When(&quot;User click on product comparison icon on MacBook&quot;)&#10;public void user_click_on_product_comparison_icon_on_mac_book() {&#10;    // Write code here that turns the phrase above into concrete actions&#10;    throw new io.cucumber.java.PendingException();&#10;}&#10;@When(&quot;User click on product comparison icon on MacBook Air&quot;)&#10;public void user_click_on_product_comparison_icon_on_mac_book_air() {&#10;    // Write code here that turns the phrase above into concrete actions&#10;    throw new io.cucumber.java.PendingException();&#10;}&#10;@When(&quot;User click on Product comparison link&quot;)&#10;public void user_click_on_product_comparison_link() {&#10;    // Write code here that turns the phrase above into concrete actions&#10;    throw new io.cucumber.java.PendingException();&#10;}&#10;@Then(&quot;User should see Product Comparison Chart&quot;)&#10;public void user_should_see_product_comparison_chart() {&#10;    // Write code here that turns the phrase above into concrete actions&#10;    throw new io.cucumber.java.PendingException();&#10;}&#10;" type="io.cucumber.junit.UndefinedStepException"><![CDATA[io.cucumber.junit.UndefinedStepException: 
The step 'User click on Laptop &NoteBook tab' and 5 other step(s) are undefined.
You can implement these steps using the snippet(s) below:

@When("User click on Laptop &NoteBook tab")
public void user_click_on_laptop_note_book_tab() {
    // Write code here that turns the phrase above into concrete actions
    throw new io.cucumber.java.PendingException();
}
@When("User click on Show all Laptop &NoteBook option")
public void user_click_on_show_all_laptop_note_book_option() {
    // Write code here that turns the phrase above into concrete actions
    throw new io.cucumber.java.PendingException();
}
@When("User click on product comparison icon on MacBook")
public void user_click_on_product_comparison_icon_on_mac_book() {
    // Write code here that turns the phrase above into concrete actions
    throw new io.cucumber.java.PendingException();
}
@When("User click on product comparison icon on MacBook Air")
public void user_click_on_product_comparison_icon_on_mac_book_air() {
    // Write code here that turns the phrase above into concrete actions
    throw new io.cucumber.java.PendingException();
}
@When("User click on Product comparison link")
public void user_click_on_product_comparison_link() {
    // Write code here that turns the phrase above into concrete actions
    throw new io.cucumber.java.PendingException();
}
@Then("User should see Product Comparison Chart")
public void user_should_see_product_comparison_chart() {
    // Write code here that turns the phrase above into concrete actions
    throw new io.cucumber.java.PendingException();
}

]]></error>
    <system-out><![CDATA[
@laptopTest @comparison
Scenario: Product Comparison                               # features/laptopbdd.feature:18
  When User click on Laptop &NoteBook tab                  # null
  And User click on Show all Laptop &NoteBook option       # null
  And User click on product comparison icon on MacBook     # null
  And User click on product comparison icon on MacBook Air # null
  And User click on Product comparison link                # null
  Then User should see Product Comparison Chart            # null
]]></system-out>
  </testcase>
  <testcase name="Adding an item to Wish list" classname="Laptop and NoteBooks" time="0.031">
    <error message="The step &apos;User click on Laptop &amp;NoteBook tab&apos; and 3 other step(s) are undefined.&#10;You can implement these steps using the snippet(s) below:&#10;&#10;@When(&quot;User click on Laptop &amp;NoteBook tab&quot;)&#10;public void user_click_on_laptop_note_book_tab() {&#10;    // Write code here that turns the phrase above into concrete actions&#10;    throw new io.cucumber.java.PendingException();&#10;}&#10;@When(&quot;User click on Show all Laptop &amp;NoteBook option&quot;)&#10;public void user_click_on_show_all_laptop_note_book_option() {&#10;    // Write code here that turns the phrase above into concrete actions&#10;    throw new io.cucumber.java.PendingException();&#10;}&#10;@When(&quot;User click on heart icon to add Sony VaIO laptop to wish list&quot;)&#10;public void user_click_on_heart_icon_to_add_sony_va_io_laptop_to_wish_list() {&#10;    // Write code here that turns the phrase above into concrete actions&#10;    throw new io.cucumber.java.PendingException();&#10;}&#10;@Then(&quot;User should get a Message {string}&quot;)&#10;public void user_should_get_a_message(String string) {&#10;    // Write code here that turns the phrase above into concrete actions&#10;    throw new io.cucumber.java.PendingException();&#10;}&#10;" type="io.cucumber.junit.UndefinedStepException"><![CDATA[io.cucumber.junit.UndefinedStepException: 
The step 'User click on Laptop &NoteBook tab' and 3 other step(s) are undefined.
You can implement these steps using the snippet(s) below:

@When("User click on Laptop &NoteBook tab")
public void user_click_on_laptop_note_book_tab() {
    // Write code here that turns the phrase above into concrete actions
    throw new io.cucumber.java.PendingException();
}
@When("User click on Show all Laptop &NoteBook option")
public void user_click_on_show_all_laptop_note_book_option() {
    // Write code here that turns the phrase above into concrete actions
    throw new io.cucumber.java.PendingException();
}
@When("User click on heart icon to add Sony VaIO laptop to wish list")
public void user_click_on_heart_icon_to_add_sony_va_io_laptop_to_wish_list() {
    // Write code here that turns the phrase above into concrete actions
    throw new io.cucumber.java.PendingException();
}
@Then("User should get a Message {string}")
public void user_should_get_a_message(String string) {
    // Write code here that turns the phrase above into concrete actions
    throw new io.cucumber.java.PendingException();
}

]]></error>
    <system-out><![CDATA[
@laptopTest @wishListTest
Scenario: Adding an item to Wish list                                                                       # features/laptopbdd.feature:24
  When User click on Laptop &NoteBook tab                                                                   # null
  And User click on Show all Laptop &NoteBook option                                                        # null
  And User click on heart icon to add Sony VaIO laptop to wish list                                         # null
  Then User should get a Message 'You must login or create an account to save Sony VAIO to your wish list!' # null
]]></system-out>
  </testcase>
  <testcase name="Validate the price of MacBook Pro is 2000" classname="Laptop and NoteBooks" time="0.087">
    <error message="The step &apos;User click on Laptop &amp;NoteBook tab&apos; and 3 other step(s) are undefined.&#10;You can implement these steps using the snippet(s) below:&#10;&#10;@When(&quot;User click on Laptop &amp;NoteBook tab&quot;)&#10;public void user_click_on_laptop_note_book_tab() {&#10;    // Write code here that turns the phrase above into concrete actions&#10;    throw new io.cucumber.java.PendingException();&#10;}&#10;@When(&quot;User click on Show all Laptop &amp;NoteBook option&quot;)&#10;public void user_click_on_show_all_laptop_note_book_option() {&#10;    // Write code here that turns the phrase above into concrete actions&#10;    throw new io.cucumber.java.PendingException();&#10;}&#10;@When(&quot;User click on MacBook Pro item&quot;)&#10;public void user_click_on_mac_book_pro_item() {&#10;    // Write code here that turns the phrase above into concrete actions&#10;    throw new io.cucumber.java.PendingException();&#10;}&#10;@Then(&quot;User should see {string} price tag is present on UI.&quot;)&#10;public void user_should_see_price_tag_is_present_on_ui(String string) {&#10;    // Write code here that turns the phrase above into concrete actions&#10;    throw new io.cucumber.java.PendingException();&#10;}&#10;" type="io.cucumber.junit.UndefinedStepException"><![CDATA[io.cucumber.junit.UndefinedStepException: 
The step 'User click on Laptop &NoteBook tab' and 3 other step(s) are undefined.
You can implement these steps using the snippet(s) below:

@When("User click on Laptop &NoteBook tab")
public void user_click_on_laptop_note_book_tab() {
    // Write code here that turns the phrase above into concrete actions
    throw new io.cucumber.java.PendingException();
}
@When("User click on Show all Laptop &NoteBook option")
public void user_click_on_show_all_laptop_note_book_option() {
    // Write code here that turns the phrase above into concrete actions
    throw new io.cucumber.java.PendingException();
}
@When("User click on MacBook Pro item")
public void user_click_on_mac_book_pro_item() {
    // Write code here that turns the phrase above into concrete actions
    throw new io.cucumber.java.PendingException();
}
@Then("User should see {string} price tag is present on UI.")
public void user_should_see_price_tag_is_present_on_ui(String string) {
    // Write code here that turns the phrase above into concrete actions
    throw new io.cucumber.java.PendingException();
}

]]></error>
    <system-out><![CDATA[
@laptopTest @macBookProTest
Scenario: Validate the price of MacBook Pro is 2000           # features/laptopbdd.feature:28
  When User click on Laptop &NoteBook tab                     # null
  And User click on Show all Laptop &NoteBook option          # null
  And User click on MacBook Pro item                          # null
  Then User should see '$2000.00' price tag is present on UI. # null
]]></system-out>
  </testcase>
</testsuite>